0 verbose cli /Users/bharathivemudanti/.nvm/versions/node/v25.1.0/bin/node /Users/bharathivemudanti/.nvm/versions/node/v25.1.0/bin/npm
1 info using npm@11.6.2
2 info using node@v25.1.0
3 silly config load:file:/Users/bharathivemudanti/.nvm/versions/node/v25.1.0/lib/node_modules/npm/npmrc
4 silly config load:file:/Users/bharathivemudanti/Documents/Kumar/Projects/Portfolio/.npmrc
5 silly config load:file:/Users/bharathivemudanti/.npmrc
6 silly config load:file:/Users/bharathivemudanti/.nvm/versions/node/v25.1.0/etc/npmrc
7 verbose title npm install
8 verbose argv "install" "--cache" "./.npm-cache" "--prefer-offline" "--no-audit"
9 verbose logfile logs-max:10 dir:/Users/bharathivemudanti/Documents/Kumar/Projects/Portfolio/.npm-cache/_logs/2026-01-22T16_30_55_136Z-
10 verbose logfile /Users/bharathivemudanti/Documents/Kumar/Projects/Portfolio/.npm-cache/_logs/2026-01-22T16_30_55_136Z-debug-0.log
11 silly logfile done cleaning log files
12 silly packumentCache heap:4496293888 maxSize:1124073472 maxEntrySize:562036736
13 silly idealTree buildDeps
14 silly reify moves {}
15 verbose stack Error: EACCES: permission denied, open '/Users/bharathivemudanti/Documents/Kumar/Projects/Portfolio/package-lock.json'
15 verbose stack     at async open (node:internal/fs/promises:641:25)
15 verbose stack     at async writeFile (node:internal/fs/promises:1249:14)
15 verbose stack     at async Promise.all (index 0)
15 verbose stack     at async [saveIdealTree] (/Users/bharathivemudanti/.nvm/versions/node/v25.1.0/lib/node_modules/npm/node_modules/@npmcli/arborist/lib/arborist/reify.js:1507:7)
15 verbose stack     at async Arborist.reify (/Users/bharathivemudanti/.nvm/versions/node/v25.1.0/lib/node_modules/npm/node_modules/@npmcli/arborist/lib/arborist/reify.js:131:5)
15 verbose stack     at async Install.exec (/Users/bharathivemudanti/.nvm/versions/node/v25.1.0/lib/node_modules/npm/lib/commands/install.js:150:5)
15 verbose stack     at async Npm.exec (/Users/bharathivemudanti/.nvm/versions/node/v25.1.0/lib/node_modules/npm/lib/npm.js:208:9)
15 verbose stack     at async module.exports (/Users/bharathivemudanti/.nvm/versions/node/v25.1.0/lib/node_modules/npm/lib/cli/entry.js:67:5)
16 error code EACCES
17 error syscall open
18 error path /Users/bharathivemudanti/Documents/Kumar/Projects/Portfolio/package-lock.json
19 error errno -13
20 error Error: EACCES: permission denied, open '/Users/bharathivemudanti/Documents/Kumar/Projects/Portfolio/package-lock.json'
20 error     at async open (node:internal/fs/promises:641:25)
20 error     at async writeFile (node:internal/fs/promises:1249:14)
20 error     at async Promise.all (index 0)
20 error     at async [saveIdealTree] (/Users/bharathivemudanti/.nvm/versions/node/v25.1.0/lib/node_modules/npm/node_modules/@npmcli/arborist/lib/arborist/reify.js:1507:7)
20 error     at async Arborist.reify (/Users/bharathivemudanti/.nvm/versions/node/v25.1.0/lib/node_modules/npm/node_modules/@npmcli/arborist/lib/arborist/reify.js:131:5)
20 error     at async Install.exec (/Users/bharathivemudanti/.nvm/versions/node/v25.1.0/lib/node_modules/npm/lib/commands/install.js:150:5)
20 error     at async Npm.exec (/Users/bharathivemudanti/.nvm/versions/node/v25.1.0/lib/node_modules/npm/lib/npm.js:208:9)
20 error     at async module.exports (/Users/bharathivemudanti/.nvm/versions/node/v25.1.0/lib/node_modules/npm/lib/cli/entry.js:67:5) {
20 error   errno: -13,
20 error   code: 'EACCES',
20 error   syscall: 'open',
20 error   path: '/Users/bharathivemudanti/Documents/Kumar/Projects/Portfolio/package-lock.json'
20 error }
21 error
21 error The operation was rejected by your operating system.
21 error It is likely you do not have the permissions to access this file as the current user
21 error
21 error If you believe this might be a permissions issue, please double-check the
21 error permissions of the file and its containing directories, or try running
21 error the command again as root/Administrator.
22 silly unfinished npm timer reify 1769099455390
23 silly unfinished npm timer reify:save 1769099455505
24 verbose cwd /Users/bharathivemudanti/Documents/Kumar/Projects/Portfolio
25 verbose os Darwin 24.1.0
26 verbose node v25.1.0
27 verbose npm  v11.6.2
28 verbose exit -13
29 verbose code -13
30 error A complete log of this run can be found in: /Users/bharathivemudanti/Documents/Kumar/Projects/Portfolio/.npm-cache/_logs/2026-01-22T16_30_55_136Z-debug-0.log
